<?xml version="1.0" encoding="UTF-8"?>
<DashboardFolder xmlns="http://soap.sforce.com/2006/04/metadata">
    <folderShares>
        <accessLevel>Manage</accessLevel>
        <sharedTo>dev1@mca.com.dev</sharedTo>
        <sharedToType>User</sharedToType>
    </folderShares>
    <folderShares>
        <accessLevel>View</accessLevel>
        <sharedTo>CEO</sharedTo>
        <sharedToType>RoleAndSubordinatesInternal</sharedToType>
    </folderShares>
    <name>Test</name>
</DashboardFolder>
